<?xml version="1.0" encoding="UTF-8"?>
<testsuite xmlns:xsi="http://www.w3.org/2001/XMLSchema-instance" xsi:noNamespaceSchemaLocation="https://maven.apache.org/surefire/maven-surefire-plugin/xsd/surefire-test-report-3.0.xsd" version="3.0" name="com.teampingui.dao.HabitTest" time="0.002" tests="2" errors="2" skipped="0" failures="0">
  <properties>
[...]
</properties>
  <testcase name="testRemoveHabitEntry" classname="com.teampingui.dao.HabitTest" time="0">
    <error type="java.lang.reflect.InaccessibleObjectException"><![CDATA[java.lang.reflect.InaccessibleObjectException: Unable to make com.teampingui.dao.HabitTest() accessible: module com.TeamPingui does not "opens com.teampingui.dao" to unnamed module @28eaa59a
]]></error>
  </testcase>
  <testcase name="testInsertHabitEntry" classname="com.teampingui.dao.HabitTest" time="0">
    <error type="java.lang.reflect.InaccessibleObjectException"><![CDATA[java.lang.reflect.InaccessibleObjectException: Unable to make com.teampingui.dao.HabitTest() accessible: module com.TeamPingui does not "opens com.teampingui.dao" to unnamed module @28eaa59a
]]></error>
  </testcase>
</testsuite>